<?xml version="1.0" encoding="UTF-8"?>
<coverage generated="1744844317043" clover="3.2.0">
  <project timestamp="1744844317043" name="All files">
    <metrics statements="2" coveredstatements="2" conditionals="0" coveredconditionals="0" methods="3" coveredmethods="3" elements="5" coveredelements="5" complexity="0" loc="2" ncloc="2" packages="1" files="1" classes="1"/>
    <file name="App.tsx" path="/Users/rodrigo/Documents/Repositorios/cicd-react/src/App.tsx">
      <metrics statements="2" coveredstatements="2" conditionals="0" coveredconditionals="0" methods="3" coveredmethods="3"/>
      <line num="7" count="6" type="stmt"/>
      <line num="21" count="1" type="stmt"/>
    </file>
  </project>
</coverage>
