{"/Users/rodrigo/Documents/Repositorios/cicd-react/src/App.tsx": {"path":"/Users/rodrigo/Documents/Repositorios/cicd-react/src/App.tsx","statementMap":{"0":{"start":{"line":7,"column":28},"end":{"line":7,"column":null}},"1":{"start":{"line":21,"column":31},"end":{"line":21,"column":63}},"2":{"start":{"line":21,"column":51},"end":{"line":21,"column":63}}},"fnMap":{"0":{"name":"App","decl":{"start":{"line":6,"column":9},"end":{"line":6,"column":null}},"loc":{"start":{"line":6,"column":9},"end":{"line":33,"column":null}}},"1":{"name":"(anonymous_1)","decl":{"start":{"line":21,"column":25},"end":{"line":21,"column":31}},"loc":{"start":{"line":21,"column":31},"end":{"line":21,"column":63}}},"2":{"name":"(anonymous_2)","decl":{"start":{"line":21,"column":40},"end":{"line":21,"column":41}},"loc":{"start":{"line":21,"column":51},"end":{"line":21,"column":63}}}},"branchMap":{},"s":{"0":6,"1":1,"2":1},"f":{"0":6,"1":1,"2":1},"b":{}}
}
